
╔════════════════════════════════════════════════════╗
║ ░░░░░░░░░░░░░░░░░░░░░░░░░░░░░░░░░░░░░░░░░░░░░░░░░░ ║
║ ░░███████╗██╗██████╗░███╗░░░███╗░█████╗░██████╗░░░ ║
║ ░░██╔════╝██║██╔══██╗████╗░████║██╔══██╗██╔══██╗░░ ║
║ ░░█████╗░░██║██████╦╝██╔████╔██║███████║██████╔╝░░ ║
║ ░░██╔══╝░░██║██╔══██╗██║╚██╔╝██║██╔══██║██╔═══╝░░░ ║
║ ░░██║░░░░░██║██████╦╝██║░╚═╝░██║██║░░██║██║░░░░░░░ ║
║ ░░╚═╝░░░░░╚═╝╚═════╝░╚═╝░░░░░╚═╝╚═╝░░╚═╝╚═╝░░░░░░░ ║
║ ░░░░░░░░░░░░░░░░░░░░░░░░░░░░░░░░░░░░░░░░░░░░░░░░░░ ║
╚════════════════════════════════════════════════════╝
Calculates and visualizes key intrafibril interactions within an amyloid fibril.

Created by Conor B. Abraham in the Straub Group at Boston University

────────────────────────────────────────────────────────────────────────────────────────────────────────────────────────────────────────────
PARAMETERS:
    - command: calc
Input
    - trajectory_file: traj.xtc
    - topology_file: top.tpr
    - checkpoint_file: None
    - hb_processed_file: None
    - hb_unprocessed_file: None
    - sb_processed_file: None
    - sb_unprocessed_file: None
    - pi_processed_file: None
    - pi_unprocessed_file: None
    - map_positions_file: None
Output
    - output_directory: .
    - nosaveraw: True
    - saveraw: False
    - verbose: True
    - nprocs: 1
    - nobackup: True
    - output_log: calc_ALL.log
    - output_cpt: calc_ALL.cpt
Options
    - n_protofilaments: 2
    - omit_layers: 2
    - calctype: ALL
    - hbond_distance_cutoff: 3.5
    - hbond_angle_cutoff: 150.0
    - saltbridge_selection_mode: AUTO
    - saltbridge_anion_charge_cutoff: -0.5
    - saltbridge_cation_charge_cutoff: 0.5
    - saltbridge_distance_cutoff: 4.0
    - pistacking_phe_sel: (resname PHE and name CG CD2 CE2 CZ CE1 CD1)
    - pistacking_tyr_sel: (resname TYR and name CG CD2 CE2 CZ CE1 CD1)
    - pistacking_his_sel: (resname HSD HSE HSP and name CG CD2 NE2 CE1 ND1)
    - pistacking_trp_sel: (resname TRP and name CG CD1 NE1 CE2 CD2)



SEGMENTS TO BE ANALYZED:
Protofilament 1: seg_4_P13 seg_6_P14 seg_8_P15 seg_10_P16 seg_12_P17 seg_14_P18 seg_16_P19 seg_18_P110
Protofilament 2: seg_5_P23 seg_7_P24 seg_9_P25 seg_11_P26 seg_13_P27 seg_15_P28 seg_17_P29 seg_19_P210

────────────────────────────────────────────────────────────────────────────────────────────────────────────────────────────────────────────
HYDROGEN BONDS:
Calculating Hydrogen Bonds
~ Hydrogen bonds were already calculated and stored in None
Processing hydrogen bonds
~ Processed hydrogen bonds saved to processed_hydrogen_bonds.npy
                                  INTRALAYER                INTERLAYER
     DONOR     ACCEPTOR     <N H-BONDS>  P(H-BOND)    <N H-BONDS>  P(H-BOND)
   1-SER1-SC   1-SER4-SC       0.083       0.083         0.643       0.643
    1-SER1-T  2-GLY30-BB       0.958       0.958         0.000       0.000
    1-SER1-T  2-ASP32-SC       0.854       0.854         0.857       0.857
   1-PHE2-BB   1-SER1-BB       0.000       0.000         0.810       0.810
   1-PHE3-BB   1-PHE2-BB       0.000       0.000         0.833       0.833
   1-LEU6-BB   1-PHE5-BB       0.000       0.000         0.952       0.952
   1-GLY7-BB   1-LEU6-BB       0.000       0.000         0.738       0.738
   1-GLU8-BB   1-GLY7-BB       0.000       0.000         0.667       0.667
   1-ALA9-BB   1-GLU8-BB       0.000       0.000         0.929       0.929
  1-TRP17-BB  1-MET16-BB       0.000       0.000         0.952       0.952
  1-ARG18-BB  1-TRP17-BB       0.000       0.000         0.667       0.667
  1-ARG18-SC  1-ASP15-SC       0.042       0.021         0.738       0.738
  1-ALA19-BB  1-ARG18-BB       0.000       0.000         0.810       0.810
  1-TYR20-BB  1-ALA19-BB       0.000       0.000         0.667       0.667
  1-SER21-BB  1-TYR20-BB       0.000       0.000         0.548       0.548
  1-SER21-SC  1-SER21-BB       0.000       0.000         0.643       0.643
  1-MET23-BB  1-ASP22-BB       0.000       0.000         0.976       0.976
  1-ARG24-BB  1-ASP22-SC       0.521       0.521         0.000       0.000
  1-ARG24-SC  1-ASP22-SC       2.000       1.000         0.000       0.000
  1-ARG24-SC  1-PRO48-BB       0.000       0.000         0.667       0.667
  1-GLU25-BB  1-ARG24-BB       0.000       0.000         0.595       0.595
  1-ASN27-BB  1-ALA26-BB       0.000       0.000         0.786       0.786
  1-ASN27-SC  1-ASN27-SC       0.000       0.000         0.905       0.905
  1-TYR28-SC  1-GLU25-BB       0.000       0.000         1.000       1.000
  1-ILE29-BB  1-TYR28-BB       0.000       0.000         0.976       0.976
  1-GLY30-BB  1-ILE29-BB       0.000       0.000         0.952       0.952
  1-SER31-BB  1-SER31-SC       0.000       0.000         0.976       0.976
  1-SER31-SC  1-ILE29-BB       0.604       0.604         0.000       0.000
  1-ASP32-BB  1-ASP32-SC       0.000       0.000         0.976       0.976
  1-LYS33-BB  1-ASP32-BB       0.000       0.000         0.786       0.786
  1-TYR34-BB  1-LYS33-BB       0.000       0.000         0.619       0.619
  1-HSD36-BB  1-PHE35-BB       0.000       0.000         0.548       0.548
  1-ALA37-BB  1-HSD36-BB       0.000       0.000         0.881       0.881
  1-ARG38-BB  1-ALA37-BB       0.000       0.000         0.905       0.905
  1-ARG38-SC  1-HSD36-SC       0.021       0.021         0.833       0.667
  1-GLY39-BB  1-ARG38-BB       0.000       0.000         0.714       0.714
  1-ASN40-BB  1-ASN40-SC       0.000       0.000         0.690       0.690
  1-ASN40-SC  1-ALA37-BB       0.000       0.000         0.881       0.881
  1-ASN40-SC  1-ASN40-SC       0.000       0.000         0.786       0.786
  1-TYR41-BB  1-ASN40-BB       0.000       0.000         0.738       0.738
  1-ASP42-BB  1-TYR41-BB       0.000       0.000         0.738       0.738
  1-ALA43-BB  1-ASP42-BB       0.000       0.000         0.690       0.690
  1-LYS45-BB  1-ALA44-BB       0.000       0.000         0.667       0.667
  1-ARG46-BB  1-LYS45-BB       0.000       0.000         0.714       0.714
  1-ARG46-SC  1-GLU25-SC       0.000       0.000         1.575       0.877
  1-GLY47-BB  1-ARG46-BB       0.000       0.000         0.595       0.595
  1-GLY50-BB  1-ASP22-SC       0.000       0.000         0.667       0.667
  1-VAL51-BB  1-GLY50-BB       0.000       0.000         0.905       0.905
  1-TRP52-BB  1-VAL51-BB       0.000       0.000         0.690       0.690
  1-TRP52-SC  1-GLY49-BB       0.000       0.000         0.595       0.595
   2-SER1-SC   2-SER4-SC       0.042       0.042         0.595       0.595
    2-SER1-T  1-GLY30-BB       0.000       0.000         0.810       0.810
    2-SER1-T  1-ASP32-SC       0.000       0.000         1.744       0.964
   2-PHE2-BB   2-SER1-BB       0.000       0.000         0.762       0.762
   2-PHE3-BB   2-PHE2-BB       0.000       0.000         0.786       0.786
   2-LEU6-BB   2-PHE5-BB       0.000       0.000         0.976       0.976
   2-GLY7-BB   2-LEU6-BB       0.000       0.000         0.952       0.952
   2-ALA9-BB   2-GLU8-BB       0.000       0.000         0.643       0.643
  2-TRP17-BB  2-MET16-BB       0.000       0.000         0.929       0.929
  2-ARG18-BB  2-TRP17-BB       0.000       0.000         0.929       0.929
  2-ALA19-BB  2-ARG18-BB       0.000       0.000         0.905       0.905
  2-TYR20-BB  2-ALA19-BB       0.000       0.000         0.667       0.667
  2-SER21-SC  2-SER21-BB       0.000       0.000         0.738       0.738
  2-MET23-BB  2-ASP22-BB       0.000       0.000         0.952       0.952
  2-ARG24-SC  2-ASP22-SC       1.958       1.000         0.000       0.000
  2-ALA26-BB  2-MET23-BB       0.750       0.750         0.000       0.000
  2-ASN27-BB  2-ALA26-BB       0.000       0.000         0.881       0.881
  2-ASN27-SC  2-ASN27-SC       0.000       0.000         0.905       0.905
  2-TYR28-SC  2-GLU25-BB       0.000       0.000         0.976       0.976
  2-ILE29-BB  2-TYR28-BB       0.000       0.000         0.952       0.952
  2-GLY30-BB  2-ILE29-BB       0.000       0.000         0.952       0.952
  2-SER31-BB  2-SER31-SC       0.000       0.000         0.976       0.976
  2-SER31-SC  2-ILE29-BB       0.625       0.625         0.000       0.000
  2-ASP32-BB  2-ASP32-SC       0.000       0.000         0.952       0.952
  2-LYS33-BB  2-ASP32-BB       0.000       0.000         0.881       0.881
  2-LYS33-SC  2-GLU25-SC       0.688       0.688         0.476       0.476
  2-TYR34-BB  2-LYS33-BB       0.000       0.000         0.881       0.881
  2-HSD36-BB  2-PHE35-BB       0.000       0.000         0.810       0.810
  2-ALA37-BB  2-TYR34-BB       0.625       0.625         0.000       0.000
  2-ARG38-BB  2-ALA37-BB       0.000       0.000         0.976       0.976
  2-ARG38-SC   1-GLU8-SC       0.000       0.000         0.876       0.599
  2-GLY39-BB  2-ARG38-BB       0.000       0.000         0.881       0.881
  2-ASN40-BB  2-ASN40-SC       0.000       0.000         0.762       0.762
  2-ASN40-SC  2-ALA37-BB       0.000       0.000         0.833       0.833
  2-ASN40-SC  2-ASN40-SC       0.000       0.000         0.714       0.714
  2-TYR41-BB  2-ASN40-BB       0.000       0.000         0.786       0.786
  2-ASP42-BB  2-TYR41-BB       0.000       0.000         0.667       0.667
  2-ALA43-BB  2-ASP42-BB       0.000       0.000         0.857       0.857
  2-LYS45-BB  2-ALA44-BB       0.000       0.000         0.738       0.738
  2-ARG46-BB  2-LYS45-BB       0.000       0.000         0.667       0.667
  2-GLY47-BB  2-ARG46-BB       0.000       0.000         0.643       0.643
  2-GLY49-BB  2-PRO48-BB       0.000       0.000         0.595       0.595
  2-GLY50-BB  2-ASP22-SC       0.000       0.000         0.778       0.778
  2-VAL51-BB  2-GLY50-BB       0.000       0.000         0.786       0.786
  2-TRP52-BB  2-VAL51-BB       0.000       0.000         0.929       0.929
  2-ALA53-BB  2-TRP52-BB       0.000       0.000         0.786       0.786
   2-ALA54-T  2-ALA53-BB       0.000       0.000         0.714       0.714

────────────────────────────────────────────────────────────────────────────────────────────────────────────────────────────────────────────
SALT BRIDGES:
Automatically Determined Salt Bridge Groups:
 ANIONS: RESNAME   ATOM NAMES
           GLU   OE1 OE2
           ASP   OD1 OD2
CATIONS: RESNAME   ATOM NAMES
           SER   N
           ARG   CZ
           LYS   NZ

Calculating Salt Bridges
~ Salt bridges were already calculated and stored in None
Parsing salt bridges
~ Processed salt bridges saved to processed_salt_bridges.npy
     ANION       CATION   Intralayer P(SB)   Interlayer P(SB)
   1-GLU8-SC  2-ARG38-SC       0.000              0.575
  1-ASP15-SC  1-ARG18-SC       0.021              0.762
  1-ASP22-SC  1-ARG24-SC       1.000              0.857
  1-GLU25-SC  1-LYS33-SC       0.167              0.000
  1-GLU25-SC  1-ARG46-SC       0.000              0.905
  1-ASP32-SC    2-SER1-T       0.000              1.000
  1-ASP42-SC  1-LYS33-SC       0.146              0.000
   2-GLU8-SC  1-ARG38-SC       0.000              0.600
  2-ASP15-SC  2-ARG18-SC       0.125              0.619
  2-ASP22-SC  2-ARG24-SC       1.000              0.857
  2-GLU25-SC  2-LYS33-SC       0.854              0.548
  2-ASP32-SC    1-SER1-T       1.000              1.000

────────────────────────────────────────────────────────────────────────────────────────────────────────────────────────────────────────────
PI STACKING INTERACTIONS:
Calculating Pi Stacking Interactions
~ Pi stacking interactions were already calculated and stored in None
~ Processed pi interactions saved to processed_pistacking_interactions.npy
                                Intralayer Probabilities               Interlayer Probabilities
   RESIDUE-A   RESIDUE-B    Total    T      I      S      D       Total    T      I      S      D
     1-PHE2      1-PHE2     0.000  0.000  0.000  0.000  0.000     1.000  1.000  0.000  0.000  0.000
     1-PHE2      1-PHE3     0.833  0.975  0.025  0.000  0.000     0.000  0.000  0.000  0.000  0.000
     1-PHE3      1-PHE3     0.000  0.000  0.000  0.000  0.000     1.000  1.000  0.000  0.000  0.000
     1-PHE5      1-PHE5     0.000  0.000  0.000  0.000  0.000     1.000  1.000  0.000  0.000  0.000
     1-PHE5     1-TRP17     1.000  0.000  1.000  0.000  0.000     1.000  0.000  0.000  0.000  0.000
    1-PHE10     1-PHE10     0.000  0.000  0.000  0.000  0.000     0.976  0.976  0.024  0.000  0.000
    1-PHE10     1-TRP17     0.250  1.000  0.000  0.000  0.000     1.000  0.000  0.000  0.000  0.000
    1-TRP17     1-TRP17     0.000  0.000  0.000  0.000  0.000     1.000  1.000  0.000  0.000  0.000
    1-TYR20     1-TYR20     0.000  0.000  0.000  0.000  0.000     1.000  1.000  0.000  0.000  0.000
    1-TYR28     1-TYR28     0.000  0.000  0.000  0.000  0.000     1.000  0.976  0.024  0.000  0.000
    1-TYR34     1-TYR34     0.000  0.000  0.000  0.000  0.000     1.000  0.786  0.214  0.000  0.000
    1-PHE35     1-PHE35     0.000  0.000  0.000  0.000  0.000     1.000  1.000  0.000  0.000  0.000
    1-HSD36     1-HSD36     0.000  0.000  0.000  0.000  0.000     1.000  1.000  0.000  0.000  0.000
    1-TYR41     1-TYR41     0.000  0.000  0.000  0.000  0.000     1.000  0.857  0.143  0.000  0.000
    1-TRP52     1-TRP52     0.000  0.000  0.000  0.000  0.000     0.905  1.000  0.000  0.000  0.000
     2-PHE2      2-PHE2     0.000  0.000  0.000  0.000  0.000     1.000  1.000  0.000  0.000  0.000
     2-PHE2      2-PHE3     0.958  0.848  0.152  0.000  0.000     0.000  0.000  0.000  0.000  0.000
     2-PHE3      2-PHE3     0.000  0.000  0.000  0.000  0.000     1.000  1.000  0.000  0.000  0.000
     2-PHE3      2-PHE5     0.021  0.000  1.000  0.000  0.000     0.000  0.000  0.000  0.000  0.000
     2-PHE5      2-PHE5     0.000  0.000  0.000  0.000  0.000     1.000  0.976  0.024  0.000  0.000
     2-PHE5     2-TRP17     1.000  0.021  0.979  0.000  0.000     1.000  0.000  0.000  0.000  0.000
    2-PHE10     2-PHE10     0.000  0.000  0.000  0.000  0.000     1.000  1.000  0.000  0.000  0.000
    2-PHE10     2-TRP17     0.312  1.000  0.000  0.000  0.000     1.000  0.000  0.000  0.000  0.000
    2-TRP17     2-TRP17     0.000  0.000  0.000  0.000  0.000     1.000  1.000  0.000  0.000  0.000
    2-TYR20     2-TYR20     0.000  0.000  0.000  0.000  0.000     1.000  1.000  0.000  0.000  0.000
    2-TYR28     2-TYR28     0.000  0.000  0.000  0.000  0.000     1.000  1.000  0.000  0.000  0.000
    2-TYR34     2-TYR34     0.000  0.000  0.000  0.000  0.000     1.000  0.976  0.024  0.000  0.000
    2-PHE35     2-PHE35     0.000  0.000  0.000  0.000  0.000     1.000  1.000  0.000  0.000  0.000
    2-PHE35     2-HSD36     0.062  0.333  0.667  0.000  0.000     0.036  1.000  0.000  0.000  0.000
    2-HSD36     2-HSD36     0.000  0.000  0.000  0.000  0.000     0.976  0.512  0.488  0.000  0.000
    2-TYR41     2-TYR41     0.000  0.000  0.000  0.000  0.000     1.000  0.881  0.119  0.000  0.000
    2-TRP52     2-TRP52     0.000  0.000  0.000  0.000  0.000     0.929  0.974  0.026  0.000  0.000
